Arguments: 
  /usr/local/bin/node /usr/local/Cellar/yarn/1.7.0/libexec/bin/yarn.js add -D @types/nodejs-websocket

PATH: 
  /usr/local/bin:/usr/bin:/bin:/usr/sbin:/sbin:/Users/xmly/tools/global-modules/lib/node_modules/yarn/bin/yarn:/Users/xmly/tools/global-modules/bin:/Users/xmly/tools/android-sdk-macosx/platform-tools:/Users/xmly/tools/global-modules/lib/node_modules/yarn/bin/yarn:/Users/xmly/tools/global-modules/bin:/Users/xmly/tools/android-sdk-macosx/platform-tools

Yarn version: 
  1.7.0

Node version: 
  8.11.3

Platform: 
  darwin x64

Trace: 
  Error: https://registry.npm.taobao.org/@types%2fnodejs-websocket: Not found
      at Request.params.callback [as _callback] (/usr/local/Cellar/yarn/1.7.0/libexec/lib/cli.js:65656:18)
      at Request.self.callback (/usr/local/Cellar/yarn/1.7.0/libexec/lib/cli.js:134675:22)
      at emitTwo (events.js:126:13)
      at Request.emit (events.js:214:7)
      at Request.<anonymous> (/usr/local/Cellar/yarn/1.7.0/libexec/lib/cli.js:135658:10)
      at emitOne (events.js:116:13)
      at Request.emit (events.js:211:7)
      at IncomingMessage.<anonymous> (/usr/local/Cellar/yarn/1.7.0/libexec/lib/cli.js:135578:12)
      at Object.onceWrapper (events.js:313:30)
      at emitNone (events.js:111:20)

npm manifest: 
  {
    "name": "2018-11-11-saga-server",
    "version": "1.0.0",
    "main": "index.js",
    "license": "MIT",
    "devDependencies": {
      "typescript": "^3.1.6"
    },
    "scripts": {
      "build": "rm -rf lib && tsc -w"
    },
    "dependencies": {
      "nodejs-websocket": "^1.7.1"
    }
  }

yarn manifest: 
  No manifest

Lockfile: 
  # THIS IS AN AUTOGENERATED FILE. DO NOT EDIT THIS FILE DIRECTLY.
  # yarn lockfile v1
  
  
  nodejs-websocket@^1.7.1:
    version "1.7.1"
    resolved "http://registry.npm.taobao.org/nodejs-websocket/download/nodejs-websocket-1.7.1.tgz#cccfbba823bf1cfa9680f168ab7ab53121e48410"
  
  typescript@^3.1.6:
    version "3.1.6"
    resolved "http://registry.npm.taobao.org/typescript/download/typescript-3.1.6.tgz#b6543a83cfc8c2befb3f4c8fba6896f5b0c9be68"
