0 info it worked if it ends with ok
1 verbose cli [ 'C:\\Program Files\\nodejs\\node.exe',
1 verbose cli   'C:\\Users\\Administrator\\AppData\\Roaming\\npm\\node_modules\\cnpm\\node_modules\\npm\\bin\\npm-cli.js',
1 verbose cli   '--userconfig=C:\\Users\\Administrator\\.cnpmrc',
1 verbose cli   '--disturl=https://npm.taobao.org/mirrors/node',
1 verbose cli   '--registry=https://registry.npm.taobao.org',
1 verbose cli   'run',
1 verbose cli   'watch' ]
2 info using npm@3.10.10
3 info using node@v8.6.0
4 verbose run-script [ 'prewatch', 'watch', 'postwatch' ]
5 info lifecycle vue-ts-project@1.0.0~prewatch: vue-ts-project@1.0.0
6 silly lifecycle vue-ts-project@1.0.0~prewatch: no script for prewatch, continuing
7 info lifecycle vue-ts-project@1.0.0~watch: vue-ts-project@1.0.0
8 verbose lifecycle vue-ts-project@1.0.0~watch: unsafe-perm in lifecycle true
9 verbose lifecycle vue-ts-project@1.0.0~watch: PATH: C:\Users\Administrator\AppData\Roaming\npm\node_modules\cnpm\node_modules\npm\bin\node-gyp-bin;D:\git-learn\028 typescript\003 vue\node_modules\.bin;C:\Program Files\Git\mingw64\bin;C:\Program Files\Git\usr\bin;C:\Users\Administrator\bin;C:\Windows\system32;C:\Windows;C:\Windows\System32\Wbem;C:\Windows\System32\WindowsPowerShell\v1.0;C:\Program Files\Git\cmd;C:\Program Files\MongoDB\Server\3.4\bin;C:\Program Files\nodejs;C:\Program Files (x86)\Microsoft VS Code\bin;C:\Users\Administrator\AppData\Roaming\npm
10 verbose lifecycle vue-ts-project@1.0.0~watch: CWD: D:\git-learn\028 typescript\003 vue
11 silly lifecycle vue-ts-project@1.0.0~watch: Args: [ '/d /s /c', 'npm run clearpkg && npm run build:watch' ]
12 silly lifecycle vue-ts-project@1.0.0~watch: Returned: code: 3221225786  signal: null
13 info lifecycle vue-ts-project@1.0.0~watch: Failed to exec watch script
14 verbose stack Error: vue-ts-project@1.0.0 watch: `npm run clearpkg && npm run build:watch`
14 verbose stack Exit status 3221225786
14 verbose stack     at EventEmitter.<anonymous> (C:\Users\Administrator\AppData\Roaming\npm\node_modules\cnpm\node_modules\npm\lib\utils\lifecycle.js:255:16)
14 verbose stack     at emitTwo (events.js:125:13)
14 verbose stack     at EventEmitter.emit (events.js:213:7)
14 verbose stack     at ChildProcess.<anonymous> (C:\Users\Administrator\AppData\Roaming\npm\node_modules\cnpm\node_modules\npm\lib\utils\spawn.js:40:14)
14 verbose stack     at emitTwo (events.js:125:13)
14 verbose stack     at ChildProcess.emit (events.js:213:7)
14 verbose stack     at maybeClose (internal/child_process.js:927:16)
14 verbose stack     at Process.ChildProcess._handle.onexit (internal/child_process.js:211:5)
15 verbose pkgid vue-ts-project@1.0.0
16 verbose cwd D:\git-learn\028 typescript\003 vue
17 error Windows_NT 6.1.7601
18 error argv "C:\\Program Files\\nodejs\\node.exe" "C:\\Users\\Administrator\\AppData\\Roaming\\npm\\node_modules\\cnpm\\node_modules\\npm\\bin\\npm-cli.js" "--userconfig=C:\\Users\\Administrator\\.cnpmrc" "--disturl=https://npm.taobao.org/mirrors/node" "--registry=https://registry.npm.taobao.org" "run" "watch"
19 error node v8.6.0
20 error npm  v3.10.10
21 error code ELIFECYCLE
22 error vue-ts-project@1.0.0 watch: `npm run clearpkg && npm run build:watch`
22 error Exit status 3221225786
23 error Failed at the vue-ts-project@1.0.0 watch script 'npm run clearpkg && npm run build:watch'.
23 error Make sure you have the latest version of node.js and npm installed.
23 error If you do, this is most likely a problem with the vue-ts-project package,
23 error not with npm itself.
23 error Tell the author that this fails on your system:
23 error     npm run clearpkg && npm run build:watch
23 error You can get information on how to open an issue for this project with:
23 error     npm bugs vue-ts-project
23 error Or if that isn't available, you can get their info via:
23 error     npm owner ls vue-ts-project
23 error There is likely additional logging output above.
24 verbose exit [ 1, true ]
