0 silly input [ 'vue' ]
1 silly flags { _: [ 'add' ],
1 silly flags   'reject-cycles': false,
1 silly flags   rejectCycles: false,
1 silly flags   dev: false,
1 silly flags   D: false,
1 silly flags   scope: 'p2',
1 silly flags   'save-dev': true,
1 silly flags   saveDev: true,
1 silly flags   args: [ 'vue' ] }
2 verbose rootPath /Users/xmly/git-learn/031 npm/2018-07-20-lerna/lerna-repo
3 info version 2.11.0
4 silly isInitialized
5 silly isInitialized true
6 silly existsSync /Users/xmly/git-learn/031 npm/2018-07-20-lerna/lerna-repo/VERSION
7 info scope p2
8 error EPACKAGES Errored while collecting packages and package graph
9 error Error: No packages found that match scope 'p2'
9 error     at Function.filterPackages (/Users/xmly/tools/global-modules/lib/node_modules/lerna/lib/PackageUtilities.js:252:17)
9 error     at AddCommand.runPreparations (/Users/xmly/tools/global-modules/lib/node_modules/lerna/lib/Command.js:333:60)
9 error     at /Users/xmly/tools/global-modules/lib/node_modules/lerna/lib/Command.js:209:18
9 error     at new Promise (<anonymous>)
9 error     at AddCommand.run (/Users/xmly/tools/global-modules/lib/node_modules/lerna/lib/Command.js:193:14)
9 error     at Object.handler (/Users/xmly/tools/global-modules/lib/node_modules/lerna/lib/commands/AddCommand.js:79:14)
9 error     at Object.self.runCommand (/Users/xmly/tools/global-modules/lib/node_modules/lerna/node_modules/yargs/lib/command.js:233:22)
9 error     at Object.Yargs.self._parseArgs (/Users/xmly/tools/global-modules/lib/node_modules/lerna/node_modules/yargs/yargs.js:990:30)
9 error     at Object.Yargs.self.parse (/Users/xmly/tools/global-modules/lib/node_modules/lerna/node_modules/yargs/yargs.js:532:23)
