[2019-03-21 16:38:36.977] [INFO] pomelo - [32m[/Users/xmly/git-learn/020 jsFrames/021 pomelo/2019-03-21-helloworld/game-server/node_modules/pomelo/lib/application.js] [39mapplication inited: "connector-server-1"
[2019-03-21 16:38:37.270] [INFO] pomelo - [32m[/Users/xmly/git-learn/020 jsFrames/021 pomelo/2019-03-21-helloworld/game-server/node_modules/pomelo/lib/application.js] [39m"connector-server-1" enter after start...
[2019-03-21 16:38:37.271] [INFO] pomelo - [32m[/Users/xmly/git-learn/020 jsFrames/021 pomelo/2019-03-21-helloworld/game-server/node_modules/pomelo/lib/application.js] [39m"connector-server-1" finish start
[2019-03-21 16:38:37.272] [INFO] pomelo - [32m[/Users/xmly/git-learn/020 jsFrames/021 pomelo/2019-03-21-helloworld/game-server/node_modules/pomelo/lib/application.js] [39m"connector-server-1" startup in 245 ms
[2019-03-21 16:38:53.383] [INFO] pomelo - [32m[/Users/xmly/git-learn/020 jsFrames/021 pomelo/2019-03-21-helloworld/game-server/node_modules/pomelo/lib/application.js] [39mapplication inited: "connector-server-1"
[2019-03-21 16:38:53.626] [INFO] pomelo - [32m[/Users/xmly/git-learn/020 jsFrames/021 pomelo/2019-03-21-helloworld/game-server/node_modules/pomelo/lib/application.js] [39m"connector-server-1" enter after start...
[2019-03-21 16:38:53.628] [INFO] pomelo - [32m[/Users/xmly/git-learn/020 jsFrames/021 pomelo/2019-03-21-helloworld/game-server/node_modules/pomelo/lib/application.js] [39m"connector-server-1" finish start
[2019-03-21 16:38:53.628] [INFO] pomelo - [32m[/Users/xmly/git-learn/020 jsFrames/021 pomelo/2019-03-21-helloworld/game-server/node_modules/pomelo/lib/application.js] [39m"connector-server-1" startup in 210 ms
[2019-03-21 16:41:14.909] [DEBUG] pomelo - [36m[/Users/xmly/git-learn/020 jsFrames/021 pomelo/2019-03-21-helloworld/game-server/node_modules/pomelo/lib/components/connector.js] [39m[connector-server-1] getSession session is created with session id: 1
[2019-03-21 16:41:14.918] [DEBUG] pomelo - [36m[/Users/xmly/git-learn/020 jsFrames/021 pomelo/2019-03-21-helloworld/game-server/node_modules/pomelo/lib/components/connector.js] [39m[connector-server-1] handleMessage session id: 1, msg: {"id":1,"type":0,"compressRoute":0,"route":"connector.entryHandler.entry","body":"hello pomelo","compressGzip":0}
[2019-03-21 16:41:14.920] [DEBUG] pomelo - [36m[/Users/xmly/git-learn/020 jsFrames/021 pomelo/2019-03-21-helloworld/game-server/node_modules/pomelo/lib/components/connector.js] [39m[connector-server-1] send message reqId: 1, route: connector.entryHandler.entry, msg: {"code":200,"msg":"game server is ok."}, receivers: [1], opts: {"type":"response","userOptions":{},"isResponse":true}
[2019-03-21 16:42:38.505] [DEBUG] pomelo - [36m[/Users/xmly/git-learn/020 jsFrames/021 pomelo/2019-03-21-helloworld/game-server/node_modules/pomelo/lib/components/connector.js] [39m[connector-server-1] getSession session is created with session id: 2
[2019-03-21 16:42:38.511] [DEBUG] pomelo - [36m[/Users/xmly/git-learn/020 jsFrames/021 pomelo/2019-03-21-helloworld/game-server/node_modules/pomelo/lib/components/connector.js] [39m[connector-server-1] handleMessage session id: 2, msg: {"id":2,"type":0,"compressRoute":0,"route":"connector.entryHandler.entry","body":"hello pomelo","compressGzip":0}
[2019-03-21 16:42:38.512] [DEBUG] pomelo - [36m[/Users/xmly/git-learn/020 jsFrames/021 pomelo/2019-03-21-helloworld/game-server/node_modules/pomelo/lib/components/connector.js] [39m[connector-server-1] send message reqId: 2, route: connector.entryHandler.entry, msg: {"code":200,"msg":"game server is ok."}, receivers: [2], opts: {"type":"response","userOptions":{},"isResponse":true}
[2019-03-21 16:42:42.105] [INFO] pomelo - [32m[/Users/xmly/git-learn/020 jsFrames/021 pomelo/2019-03-21-helloworld/game-server/node_modules/pomelo/lib/connectors/commands/heartbeat.js] [39mclient 1 heartbeat timeout.
[2019-03-21 16:42:42.105] [DEBUG] pomelo - [36m[/Users/xmly/git-learn/020 jsFrames/021 pomelo/2019-03-21-helloworld/game-server/node_modules/pomelo/lib/common/service/sessionService.js] [39msession on [connector-server-1] is closed with session id: 1
[2019-03-21 16:42:45.060] [DEBUG] pomelo - [36m[/Users/xmly/git-learn/020 jsFrames/021 pomelo/2019-03-21-helloworld/game-server/node_modules/pomelo/lib/components/connector.js] [39m[connector-server-1] getSession session is created with session id: 3
[2019-03-21 16:42:45.066] [DEBUG] pomelo - [36m[/Users/xmly/git-learn/020 jsFrames/021 pomelo/2019-03-21-helloworld/game-server/node_modules/pomelo/lib/components/connector.js] [39m[connector-server-1] handleMessage session id: 3, msg: {"id":3,"type":0,"compressRoute":0,"route":"connector.entryHandler.entry","body":"hello pomelo","compressGzip":0}
[2019-03-21 16:42:45.066] [DEBUG] pomelo - [36m[/Users/xmly/git-learn/020 jsFrames/021 pomelo/2019-03-21-helloworld/game-server/node_modules/pomelo/lib/components/connector.js] [39m[connector-server-1] send message reqId: 3, route: connector.entryHandler.entry, msg: {"code":200,"msg":"game server is ok."}, receivers: [3], opts: {"type":"response","userOptions":{},"isResponse":true}
[2019-03-21 16:42:49.168] [INFO] pomelo - [32m[/Users/xmly/git-learn/020 jsFrames/021 pomelo/2019-03-21-helloworld/game-server/node_modules/pomelo/lib/connectors/commands/heartbeat.js] [39mclient 2 heartbeat timeout.
[2019-03-21 16:42:49.169] [DEBUG] pomelo - [36m[/Users/xmly/git-learn/020 jsFrames/021 pomelo/2019-03-21-helloworld/game-server/node_modules/pomelo/lib/common/service/sessionService.js] [39msession on [connector-server-1] is closed with session id: 2
[2019-03-21 16:43:09.746] [DEBUG] pomelo - [36m[/Users/xmly/git-learn/020 jsFrames/021 pomelo/2019-03-21-helloworld/game-server/node_modules/pomelo/lib/common/service/sessionService.js] [39msession on [connector-server-1] is closed with session id: 3
[2019-03-21 16:43:11.999] [DEBUG] pomelo - [36m[/Users/xmly/git-learn/020 jsFrames/021 pomelo/2019-03-21-helloworld/game-server/node_modules/pomelo/lib/components/connector.js] [39m[connector-server-1] getSession session is created with session id: 4
[2019-03-21 16:43:12.007] [DEBUG] pomelo - [36m[/Users/xmly/git-learn/020 jsFrames/021 pomelo/2019-03-21-helloworld/game-server/node_modules/pomelo/lib/components/connector.js] [39m[connector-server-1] handleMessage session id: 4, msg: {"id":1,"type":0,"compressRoute":0,"route":"connector.entryHandler.entry","body":"hello pomelo","compressGzip":0}
[2019-03-21 16:43:12.008] [DEBUG] pomelo - [36m[/Users/xmly/git-learn/020 jsFrames/021 pomelo/2019-03-21-helloworld/game-server/node_modules/pomelo/lib/components/connector.js] [39m[connector-server-1] send message reqId: 1, route: connector.entryHandler.entry, msg: {"code":200,"msg":"game server is ok."}, receivers: [4], opts: {"type":"response","userOptions":{},"isResponse":true}
