0 info it worked if it ends with ok
1 verbose cli [ 'C:\\Program Files\\nodejs\\node.exe',
1 verbose cli   'C:\\Program Files\\nodejs\\node_modules\\npm\\bin\\npm-cli.js',
1 verbose cli   'run',
1 verbose cli   'babel' ]
2 info using npm@3.10.10
3 info using node@v6.11.0
4 verbose run-script [ 'prebabel', 'babel', 'postbabel' ]
5 info lifecycle migrate@1.0.0~prebabel: migrate@1.0.0
6 silly lifecycle migrate@1.0.0~prebabel: no script for prebabel, continuing
7 info lifecycle migrate@1.0.0~babel: migrate@1.0.0
8 verbose lifecycle migrate@1.0.0~babel: unsafe-perm in lifecycle true
9 verbose lifecycle migrate@1.0.0~babel: PATH: C:\Program Files\nodejs\node_modules\npm\bin\node-gyp-bin;D:\git-learn\001 react\react-create-app-babelcli\node_modules\.bin;C:\Program Files\Git\mingw64\bin;C:\Program Files\Git\usr\bin;C:\Users\billl89\bin;C:\Program Files (x86)\Intel\iCLS Client;C:\Program Files\Intel\iCLS Client;C:\windows\system32;C:\windows;C:\windows\System32\Wbem;C:\windows\System32\WindowsPowerShell\v1.0;C:\Program Files (x86)\Intel\Intel(R) Management Engine Components\DAL;C:\Program Files\Intel\Intel(R) Management Engine Components\DAL;C:\Program Files (x86)\Intel\Intel(R) Management Engine Components\IPT;C:\Program Files\Intel\Intel(R) Management Engine Components\IPT;C:\Program Files (x86)\NVIDIA Corporation\PhysX\Common;C:\Program Files\Intel\WiFi\bin;C:\Program Files\Common Files\Intel\WirelessCommon;C:\Program Files\nodejs;C:\Program Files\Git\cmd;C:\Users\billl89\AppData\Local\Microsoft\WindowsApps;C:\Program Files (x86)\Microsoft VS Code\bin;C:\Users\billl89\AppData\Roaming\npm
10 verbose lifecycle migrate@1.0.0~babel: CWD: D:\git-learn\001 react\react-create-app-babelcli
11 silly lifecycle migrate@1.0.0~babel: Args: [ '/d /s /c', 'babel src --watch --out-dir dist' ]
12 verbose stack Error: kill ENOSYS
12 verbose stack     at exports._errnoException (util.js:1018:11)
12 verbose stack     at process.kill (internal/process.js:190:13)
12 verbose stack     at process.listener (C:\Program Files\nodejs\node_modules\npm\node_modules\npmlog\node_modules\gauge\node_modules\signal-exit\index.js:86:15)
12 verbose stack     at emitNone (events.js:91:20)
12 verbose stack     at process.emit (events.js:185:7)
12 verbose stack     at processEmit (C:\Program Files\nodejs\node_modules\npm\node_modules\npmlog\node_modules\gauge\node_modules\signal-exit\index.js:146:32)
12 verbose stack     at processEmit (C:\Program Files\nodejs\node_modules\npm\node_modules\npm-registry-client\node_modules\npmlog\node_modules\gauge\node_modules\signal-exit\index.js:146:32)
12 verbose stack     at Signal.wrap.onsignal (internal/process.js:217:44)
13 verbose cwd D:\git-learn\001 react\react-create-app-babelcli
14 error Windows_NT 10.0.14393
15 error argv "C:\\Program Files\\nodejs\\node.exe" "C:\\Program Files\\nodejs\\node_modules\\npm\\bin\\npm-cli.js" "run" "babel"
16 error node v6.11.0
17 error npm  v3.10.10
18 error code ENOSYS
19 error errno ENOSYS
20 error syscall kill
21 error kill ENOSYS
22 error If you need help, you may report this error at:
22 error     <https://github.com/npm/npm/issues>
23 verbose exit [ 1, true ]
